[35m[Appium][39m Welcome to Appium v1.22.3
[35m[Appium][39m Non-default server args:
[35m[Appium][39m   port: 54311
[35m[Appium][39m   loglevel: info
[35m[Appium][39m   tmpDir: C:\Users\095061\AppData\Local\Temp\\Katalon\Appium\Temp1657700698567
[35m[Appium][39m   chromedriverPort: 54312
[35m[Appium][39m Deprecated server args:
[35m[Appium][39m   [31m--chromedriver-port[39m => --default-capabilities
[35m[Appium][39m Default capabilities, which will be added to each request unless overridden by desired capabilities:
[35m[Appium][39m   chromedriverPort: 54312
[35m[Appium][39m Appium REST http interface listener started on 0.0.0.0:54311
[35m[HTTP][39m [37m-->[39m [37mGET[39m [37m/wd/hub/status[39m
[35m[HTTP][39m [90m{}[39m
[35m[HTTP][39m [37m<-- GET /wd/hub/status [39m[32m200[39m [90m4 ms - 68[39m
[35m[HTTP][39m [90m[39m
[35m[HTTP][39m [37m-->[39m [37mGET[39m [37m/wd/hub/status[39m
[35m[HTTP][39m [90m{}[39m
[35m[HTTP][39m [37m<-- GET /wd/hub/status [39m[32m200[39m [90m3 ms - 68[39m
[35m[HTTP][39m [90m[39m
[35m[HTTP][39m [37m-->[39m [37mPOST[39m [37m/wd/hub/session[39m
[35m[HTTP][39m [90m{"desiredCapabilities":{"appActivity":".Settings","appPackage":"com.android.settings","newCommandTimeout":1800,"platformVersion":"11","automationName":"uiautomator2","autoGrantPermissions":true,"platformName":"Android","udid":"7a1bca660404","deviceName":"Xiaomi M2004J19C (Android 11)","platform":"ANDROID","systemPort":8267},"capabilities":{"firstMatch":[{"appium:appActivity":".Settings","appium:appPackage":"com.android.settings","appium:autoGrantPermissions":true,"appium:automationName":"uiautomator2","appium:deviceName":"Xiaomi M2004J19C (Android 11)","appium:newCommandTimeout":1800,"platform":"ANDROID","platformName":"android","appium:platformVersion":"11","appium:systemPort":8267,"appium:udid":"7a1bca660404"}]}}[39m
[35m[BaseDriver][39m The following capabilities are not standard capabilities and should have an extension prefix:
[35m[BaseDriver][39m   platform
[35m[BaseDriver][39m   chromedriverPort
[35m[Appium][39m Appium v1.22.3 creating new AndroidUiautomator2Driver (v1.70.1) session
[35m[BaseDriver][39m The following capabilities were provided, but are not recognized by Appium:
[35m[BaseDriver][39m   platform
[35m[BaseDriver][39m Session created with session id: 68cbf497-b164-4d37-9008-f96770d69614
[35m[UiAutomator2][39m Starting 'com.android.settings' directly on the device
[35m[ADB][39m Found 1 'build-tools' folders under 'C:\Users\095061\.katalon\tools\android_sdk' (newest first):
[35m[ADB][39m     C:/Users/095061/.katalon/tools/android_sdk/build-tools/29.0.3
[35m[ADB][39m Using 'adb.exe' from 'C:\Users\095061\.katalon\tools\android_sdk\platform-tools\adb.exe'
[35m[AndroidDriver][39m Retrieving device list
[35m[AndroidDriver][39m Using device: 7a1bca660404
[35m[ADB][39m Using 'adb.exe' from 'C:\Users\095061\.katalon\tools\android_sdk\platform-tools\adb.exe'
[35m[ADB][39m Getting device platform version
[35m[UiAutomator2][39m Relaxing hidden api policy
[35m[AndroidDriver][39m No app sent in, not parsing package/activity
[35m[ADB][39m Using 'apksigner.jar' from 'C:\Users\095061\.katalon\tools\android_sdk\build-tools\29.0.3\lib\apksigner.jar'
[35m[ADB][39m 'C:\Users\095061\AppData\Roaming\npm\node_modules\appium\node_modules\appium-uiautomator2-server\apks\appium-uiautomator2-server-v4.27.0.apk' is signed with the default certificate
[35m[ADB][39m 'C:\Users\095061\AppData\Roaming\npm\node_modules\appium\node_modules\appium-uiautomator2-server\apks\appium-uiautomator2-server-debug-androidTest.apk' is signed with the default certificate
[35m[UiAutomator2][39m Server packages are not going to be (re)installed
[35m[ADB][39m Adding packages ["io.appium.settings","io.appium.uiautomator2.server","io.appium.uiautomator2.server.test"] to Doze whitelist
[35m[UiAutomator2][39m Starting UIAutomator2 server 4.27.0
[35m[UiAutomator2][39m Using UIAutomator2 server from 'C:\Users\095061\AppData\Roaming\npm\node_modules\appium\node_modules\appium-uiautomator2-server\apks\appium-uiautomator2-server-v4.27.0.apk' and test from 'C:\Users\095061\AppData\Roaming\npm\node_modules\appium\node_modules\appium-uiautomator2-server\apks\appium-uiautomator2-server-debug-androidTest.apk'
[35m[UiAutomator2][39m Waiting up to 30000ms for UiAutomator2 to be online...
[35m[WD Proxy][39m socket hang up
[35m[WD Proxy][39m socket hang up
[35m[WD Proxy][39m socket hang up
[35m[WD Proxy][39m Determined the downstream protocol as 'W3C'
[35m[AndroidDriver][39m Screen already unlocked, doing nothing
[35m[UiAutomator2][39m Starting 'com.android.settings/.Settings and waiting for 'com.android.settings/.Settings'
[35m[Appium][39m New AndroidUiautomator2Driver session created successfully, session 68cbf497-b164-4d37-9008-f96770d69614 added to master session list
[35m[HTTP][39m [37m<-- POST /wd/hub/session [39m[32m200[39m [90m13352 ms - 1161[39m
[35m[HTTP][39m [90m[39m
[35m[HTTP][39m [37m-->[39m [37mGET[39m [37m/wd/hub/session/68cbf497-b164-4d37-9008-f96770d69614[39m
[35m[HTTP][39m [90m{}[39m
[35m[HTTP][39m [37m<-- GET /wd/hub/session/68cbf497-b164-4d37-9008-f96770d69614 [39m[32m200[39m [90m16 ms - 1115[39m
[35m[HTTP][39m [90m[39m
[35m[HTTP][39m [37m-->[39m [37mGET[39m [37m/wd/hub/session/68cbf497-b164-4d37-9008-f96770d69614[39m
[35m[HTTP][39m [90m{}[39m
[35m[HTTP][39m [37m<-- GET /wd/hub/session/68cbf497-b164-4d37-9008-f96770d69614 [39m[32m200[39m [90m12 ms - 1115[39m
[35m[HTTP][39m [90m[39m
[35m[HTTP][39m [37m-->[39m [37mGET[39m [37m/wd/hub/status[39m
[35m[HTTP][39m [90m{}[39m
[35m[HTTP][39m [37m<-- GET /wd/hub/status [39m[32m200[39m [90m1 ms - 68[39m
[35m[HTTP][39m [90m[39m
[35m[HTTP][39m [37m-->[39m [37mPOST[39m [37m/wd/hub/session/68cbf497-b164-4d37-9008-f96770d69614/timeouts[39m
[35m[HTTP][39m [90m{"implicit":60000}[39m
[35m[HTTP][39m [37m<-- POST /wd/hub/session/68cbf497-b164-4d37-9008-f96770d69614/timeouts [39m[32m200[39m [90m4 ms - 14[39m
[35m[HTTP][39m [90m[39m
[35m[HTTP][39m [37m-->[39m [37mGET[39m [37m/wd/hub/session/68cbf497-b164-4d37-9008-f96770d69614/screenshot[39m
[35m[HTTP][39m [90m{}[39m
[35m[HTTP][39m [37m<-- GET /wd/hub/session/68cbf497-b164-4d37-9008-f96770d69614/screenshot [39m[32m200[39m [90m580 ms - 185830[39m
[35m[HTTP][39m [90m[39m
[35m[HTTP][39m [37m-->[39m [37mGET[39m [37m/wd/hub/session/68cbf497-b164-4d37-9008-f96770d69614/window/rect[39m
[35m[HTTP][39m [90m{}[39m
[35m[HTTP][39m [37m<-- GET /wd/hub/session/68cbf497-b164-4d37-9008-f96770d69614/window/rect [39m[32m200[39m [90m30 ms - 50[39m
[35m[HTTP][39m [90m[39m
[35m[HTTP][39m [37m-->[39m [37mGET[39m [37m/wd/hub/session/68cbf497-b164-4d37-9008-f96770d69614/appium/device/system_bars[39m
[35m[HTTP][39m [90m{}[39m
[35m[HTTP][39m [37m<-- GET /wd/hub/session/68cbf497-b164-4d37-9008-f96770d69614/appium/device/system_bars [39m[31m500[39m [90m211 ms - 649[39m
[35m[HTTP][39m [90m[39m
[35m[HTTP][39m [37m-->[39m [37mPOST[39m [37m/wd/hub/session/68cbf497-b164-4d37-9008-f96770d69614/execute/sync[39m
[35m[HTTP][39m [90m{"script":"mobile:viewportRect","args":[]}[39m
[35m[AndroidDriver][39m Executing native command 'mobile:viewportRect'
[35m[HTTP][39m [37m<-- POST /wd/hub/session/68cbf497-b164-4d37-9008-f96770d69614/execute/sync [39m[32m200[39m [90m27 ms - 56[39m
[35m[HTTP][39m [90m[39m
[35m[HTTP][39m [37m-->[39m [37mPOST[39m [37m/wd/hub/session/68cbf497-b164-4d37-9008-f96770d69614/appium/device/activate_app[39m
[35m[HTTP][39m [90m{"bundleId":"com.example.mikebanks.bankscorpfinancial"}[39m
[35m[HTTP][39m [37m<-- POST /wd/hub/session/68cbf497-b164-4d37-9008-f96770d69614/appium/device/activate_app [39m[32m200[39m [90m649 ms - 14[39m
[35m[HTTP][39m [90m[39m
[35m[HTTP][39m [37m-->[39m [37mGET[39m [37m/wd/hub/session/68cbf497-b164-4d37-9008-f96770d69614/source[39m
[35m[HTTP][39m [90m{}[39m
[35m[W3C (68cbf497)][39m Driver proxy active, passing request on via HTTP proxy
[35m[WD Proxy][39m Replacing sessionId 830170b0-f7f9-4f56-b90c-cff16fdecc43 with 68cbf497-b164-4d37-9008-f96770d69614
[35m[HTTP][39m [37m<-- GET /wd/hub/session/68cbf497-b164-4d37-9008-f96770d69614/source [39m[32m200[39m [90m482 ms - 10623[39m
[35m[HTTP][39m [90m[39m
[35m[HTTP][39m [37m-->[39m [37mGET[39m [37m/wd/hub/session/68cbf497-b164-4d37-9008-f96770d69614/screenshot[39m
[35m[HTTP][39m [90m{}[39m
[35m[HTTP][39m [37m<-- GET /wd/hub/session/68cbf497-b164-4d37-9008-f96770d69614/screenshot [39m[32m200[39m [90m548 ms - 100346[39m
[35m[HTTP][39m [90m[39m
[35m[HTTP][39m [37m-->[39m [37mPOST[39m [37m/wd/hub/session/68cbf497-b164-4d37-9008-f96770d69614/elements[39m
[35m[HTTP][39m [90m{"using":"xpath","value":"//*[@class = 'android.widget.EditText' and (@text = 'Username' or . = 'Username') and @resource-id = 'com.example.mikebanks.bankscorpfinancial:id/edt_username']"}[39m
[35m[HTTP][39m [37m<-- POST /wd/hub/session/68cbf497-b164-4d37-9008-f96770d69614/elements [39m[32m200[39m [90m539 ms - 139[39m
[35m[HTTP][39m [90m[39m
[35m[HTTP][39m [37m-->[39m [37mGET[39m [37m/wd/hub/session/68cbf497-b164-4d37-9008-f96770d69614/window/rect[39m
[35m[HTTP][39m [90m{}[39m
[35m[HTTP][39m [37m<-- GET /wd/hub/session/68cbf497-b164-4d37-9008-f96770d69614/window/rect [39m[32m200[39m [90m19 ms - 50[39m
[35m[HTTP][39m [90m[39m
[35m[HTTP][39m [37m-->[39m [37mPOST[39m [37m/wd/hub/session/68cbf497-b164-4d37-9008-f96770d69614/elements[39m
[35m[HTTP][39m [90m{"using":"xpath","value":"//*[@class = 'android.widget.EditText' and (@text = 'Username' or . = 'Username') and @resource-id = 'com.example.mikebanks.bankscorpfinancial:id/edt_username']"}[39m
[35m[HTTP][39m [37m<-- POST /wd/hub/session/68cbf497-b164-4d37-9008-f96770d69614/elements [39m[32m200[39m [90m146 ms - 139[39m
[35m[HTTP][39m [90m[39m
[35m[HTTP][39m [37m-->[39m [37mGET[39m [37m/wd/hub/session/68cbf497-b164-4d37-9008-f96770d69614/element/00000000-0000-0195-ffff-ffff0000000e/location[39m
[35m[HTTP][39m [90m{}[39m
[35m[W3C (68cbf497)][39m Driver proxy active, passing request on via HTTP proxy
[35m[WD Proxy][39m Replacing sessionId 830170b0-f7f9-4f56-b90c-cff16fdecc43 with 68cbf497-b164-4d37-9008-f96770d69614
[35m[HTTP][39m [37m<-- GET /wd/hub/session/68cbf497-b164-4d37-9008-f96770d69614/element/00000000-0000-0195-ffff-ffff0000000e/location [39m[32m200[39m [90m38 ms - 78[39m
[35m[HTTP][39m [90m[39m
[35m[HTTP][39m [37m-->[39m [37mPOST[39m [37m/wd/hub/session/68cbf497-b164-4d37-9008-f96770d69614/element/00000000-0000-0195-ffff-ffff0000000e/clear[39m
[35m[HTTP][39m [90m{"id":"00000000-0000-0195-ffff-ffff0000000e"}[39m
[35m[HTTP][39m [37m<-- POST /wd/hub/session/68cbf497-b164-4d37-9008-f96770d69614/element/00000000-0000-0195-ffff-ffff0000000e/clear [39m[32m200[39m [90m64 ms - 14[39m
[35m[HTTP][39m [90m[39m
[35m[HTTP][39m [37m-->[39m [37mPOST[39m [37m/wd/hub/session/68cbf497-b164-4d37-9008-f96770d69614/element/00000000-0000-0195-ffff-ffff0000000e/value[39m
[35m[HTTP][39m [90m{"id":"00000000-0000-0195-ffff-ffff0000000e","text":"machrush","value":["m","a","c","h","r","u","s","h"]}[39m
[35m[HTTP][39m [37m<-- POST /wd/hub/session/68cbf497-b164-4d37-9008-f96770d69614/element/00000000-0000-0195-ffff-ffff0000000e/value [39m[32m200[39m [90m1087 ms - 14[39m
[35m[HTTP][39m [90m[39m
[35m[HTTP][39m [37m-->[39m [37mGET[39m [37m/wd/hub/session/68cbf497-b164-4d37-9008-f96770d69614/source[39m
[35m[HTTP][39m [90m{}[39m
[35m[W3C (68cbf497)][39m Driver proxy active, passing request on via HTTP proxy
[35m[WD Proxy][39m Replacing sessionId 830170b0-f7f9-4f56-b90c-cff16fdecc43 with 68cbf497-b164-4d37-9008-f96770d69614
[35m[HTTP][39m [37m<-- GET /wd/hub/session/68cbf497-b164-4d37-9008-f96770d69614/source [39m[32m200[39m [90m307 ms - 10623[39m
[35m[HTTP][39m [90m[39m
[35m[HTTP][39m [37m-->[39m [37mGET[39m [37m/wd/hub/session/68cbf497-b164-4d37-9008-f96770d69614/screenshot[39m
[35m[HTTP][39m [90m{}[39m
[35m[HTTP][39m [37m<-- GET /wd/hub/session/68cbf497-b164-4d37-9008-f96770d69614/screenshot [39m[32m200[39m [90m759 ms - 96498[39m
[35m[HTTP][39m [90m[39m
[35m[HTTP][39m [37m-->[39m [37mPOST[39m [37m/wd/hub/session/68cbf497-b164-4d37-9008-f96770d69614/elements[39m
[35m[HTTP][39m [90m{"using":"xpath","value":"//*[@class = 'android.widget.EditText' and (@text = 'Password' or . = 'Password') and @resource-id = 'com.example.mikebanks.bankscorpfinancial:id/edt_password']"}[39m
[35m[HTTP][39m [37m<-- POST /wd/hub/session/68cbf497-b164-4d37-9008-f96770d69614/elements [39m[32m200[39m [90m167 ms - 139[39m
[35m[HTTP][39m [90m[39m
[35m[HTTP][39m [37m-->[39m [37mGET[39m [37m/wd/hub/session/68cbf497-b164-4d37-9008-f96770d69614/window/rect[39m
[35m[HTTP][39m [90m{}[39m
[35m[HTTP][39m [37m<-- GET /wd/hub/session/68cbf497-b164-4d37-9008-f96770d69614/window/rect [39m[32m200[39m [90m18 ms - 50[39m
[35m[HTTP][39m [90m[39m
[35m[HTTP][39m [37m-->[39m [37mPOST[39m [37m/wd/hub/session/68cbf497-b164-4d37-9008-f96770d69614/elements[39m
[35m[HTTP][39m [90m{"using":"xpath","value":"//*[@class = 'android.widget.EditText' and (@text = 'Password' or . = 'Password') and @resource-id = 'com.example.mikebanks.bankscorpfinancial:id/edt_password']"}[39m
[35m[HTTP][39m [37m<-- POST /wd/hub/session/68cbf497-b164-4d37-9008-f96770d69614/elements [39m[32m200[39m [90m183 ms - 139[39m
[35m[HTTP][39m [90m[39m
[35m[HTTP][39m [37m-->[39m [37mGET[39m [37m/wd/hub/session/68cbf497-b164-4d37-9008-f96770d69614/element/00000000-0000-0195-ffff-ffff0000000f/location[39m
[35m[HTTP][39m [90m{}[39m
[35m[W3C (68cbf497)][39m Driver proxy active, passing request on via HTTP proxy
[35m[WD Proxy][39m Replacing sessionId 830170b0-f7f9-4f56-b90c-cff16fdecc43 with 68cbf497-b164-4d37-9008-f96770d69614
[35m[HTTP][39m [37m<-- GET /wd/hub/session/68cbf497-b164-4d37-9008-f96770d69614/element/00000000-0000-0195-ffff-ffff0000000f/location [39m[32m200[39m [90m27 ms - 78[39m
[35m[HTTP][39m [90m[39m
[35m[HTTP][39m [37m-->[39m [37mPOST[39m [37m/wd/hub/session/68cbf497-b164-4d37-9008-f96770d69614/element/00000000-0000-0195-ffff-ffff0000000f/clear[39m
[35m[HTTP][39m [90m{"id":"00000000-0000-0195-ffff-ffff0000000f"}[39m
[35m[HTTP][39m [37m<-- POST /wd/hub/session/68cbf497-b164-4d37-9008-f96770d69614/element/00000000-0000-0195-ffff-ffff0000000f/clear [39m[32m200[39m [90m44 ms - 14[39m
[35m[HTTP][39m [90m[39m
[35m[HTTP][39m [37m-->[39m [37mPOST[39m [37m/wd/hub/session/68cbf497-b164-4d37-9008-f96770d69614/element/00000000-0000-0195-ffff-ffff0000000f/value[39m
[35m[HTTP][39m [90m{"id":"00000000-0000-0195-ffff-ffff0000000f","text":"rojam456","value":["r","o","j","a","m","4","5","6"]}[39m
[35m[HTTP][39m [37m<-- POST /wd/hub/session/68cbf497-b164-4d37-9008-f96770d69614/element/00000000-0000-0195-ffff-ffff0000000f/value [39m[32m200[39m [90m1420 ms - 14[39m
[35m[HTTP][39m [90m[39m
[35m[HTTP][39m [37m-->[39m [37mGET[39m [37m/wd/hub/session/68cbf497-b164-4d37-9008-f96770d69614/source[39m
[35m[HTTP][39m [90m{}[39m
[35m[W3C (68cbf497)][39m Driver proxy active, passing request on via HTTP proxy
[35m[WD Proxy][39m Replacing sessionId 830170b0-f7f9-4f56-b90c-cff16fdecc43 with 68cbf497-b164-4d37-9008-f96770d69614
[35m[HTTP][39m [37m<-- GET /wd/hub/session/68cbf497-b164-4d37-9008-f96770d69614/source [39m[32m200[39m [90m182 ms - 10639[39m
[35m[HTTP][39m [90m[39m
[35m[HTTP][39m [37m-->[39m [37mGET[39m [37m/wd/hub/session/68cbf497-b164-4d37-9008-f96770d69614/screenshot[39m
[35m[HTTP][39m [90m{}[39m
[35m[HTTP][39m [37m<-- GET /wd/hub/session/68cbf497-b164-4d37-9008-f96770d69614/screenshot [39m[32m200[39m [90m983 ms - 91564[39m
[35m[HTTP][39m [90m[39m
[35m[HTTP][39m [37m-->[39m [37mPOST[39m [37m/wd/hub/session/68cbf497-b164-4d37-9008-f96770d69614/elements[39m
[35m[HTTP][39m [90m{"using":"xpath","value":"//*[@class = 'android.widget.CheckBox' and (@text = 'Remember Credentials' or . = 'Remember Credentials') and @resource-id = 'com.example.mikebanks.bankscorpfinancial:id/chk_remember']"}[39m
[35m[HTTP][39m [37m<-- POST /wd/hub/session/68cbf497-b164-4d37-9008-f96770d69614/elements [39m[32m200[39m [90m311 ms - 139[39m
[35m[HTTP][39m [90m[39m
[35m[HTTP][39m [37m-->[39m [37mGET[39m [37m/wd/hub/session/68cbf497-b164-4d37-9008-f96770d69614/window/rect[39m
[35m[HTTP][39m [90m{}[39m
[35m[HTTP][39m [37m<-- GET /wd/hub/session/68cbf497-b164-4d37-9008-f96770d69614/window/rect [39m[32m200[39m [90m26 ms - 50[39m
[35m[HTTP][39m [90m[39m
[35m[HTTP][39m [37m-->[39m [37mPOST[39m [37m/wd/hub/session/68cbf497-b164-4d37-9008-f96770d69614/elements[39m
[35m[HTTP][39m [90m{"using":"xpath","value":"//*[@class = 'android.widget.CheckBox' and (@text = 'Remember Credentials' or . = 'Remember Credentials') and @resource-id = 'com.example.mikebanks.bankscorpfinancial:id/chk_remember']"}[39m
[35m[HTTP][39m [37m<-- POST /wd/hub/session/68cbf497-b164-4d37-9008-f96770d69614/elements [39m[32m200[39m [90m271 ms - 139[39m
[35m[HTTP][39m [90m[39m
[35m[HTTP][39m [37m-->[39m [37mGET[39m [37m/wd/hub/session/68cbf497-b164-4d37-9008-f96770d69614/element/00000000-0000-0195-ffff-ffff00000013/location[39m
[35m[HTTP][39m [90m{}[39m
[35m[W3C (68cbf497)][39m Driver proxy active, passing request on via HTTP proxy
[35m[WD Proxy][39m Replacing sessionId 830170b0-f7f9-4f56-b90c-cff16fdecc43 with 68cbf497-b164-4d37-9008-f96770d69614
[35m[HTTP][39m [37m<-- GET /wd/hub/session/68cbf497-b164-4d37-9008-f96770d69614/element/00000000-0000-0195-ffff-ffff00000013/location [39m[32m200[39m [90m43 ms - 78[39m
[35m[HTTP][39m [90m[39m
[35m[HTTP][39m [37m-->[39m [37mPOST[39m [37m/wd/hub/session/68cbf497-b164-4d37-9008-f96770d69614/element/00000000-0000-0195-ffff-ffff00000013/click[39m
[35m[HTTP][39m [90m{"id":"00000000-0000-0195-ffff-ffff00000013"}[39m
[35m[HTTP][39m [37m<-- POST /wd/hub/session/68cbf497-b164-4d37-9008-f96770d69614/element/00000000-0000-0195-ffff-ffff00000013/click [39m[32m200[39m [90m100 ms - 14[39m
[35m[HTTP][39m [90m[39m
[35m[HTTP][39m [37m-->[39m [37mGET[39m [37m/wd/hub/session/68cbf497-b164-4d37-9008-f96770d69614/source[39m
[35m[HTTP][39m [90m{}[39m
[35m[W3C (68cbf497)][39m Driver proxy active, passing request on via HTTP proxy
[35m[WD Proxy][39m Replacing sessionId 830170b0-f7f9-4f56-b90c-cff16fdecc43 with 68cbf497-b164-4d37-9008-f96770d69614
[35m[HTTP][39m [37m<-- GET /wd/hub/session/68cbf497-b164-4d37-9008-f96770d69614/source [39m[32m200[39m [90m154 ms - 10638[39m
[35m[HTTP][39m [90m[39m
[35m[HTTP][39m [37m-->[39m [37mGET[39m [37m/wd/hub/session/68cbf497-b164-4d37-9008-f96770d69614/screenshot[39m
[35m[HTTP][39m [90m{}[39m
[35m[HTTP][39m [37m<-- GET /wd/hub/session/68cbf497-b164-4d37-9008-f96770d69614/screenshot [39m[32m200[39m [90m1231 ms - 91988[39m
[35m[HTTP][39m [90m[39m
[35m[HTTP][39m [37m-->[39m [37mPOST[39m [37m/wd/hub/session/68cbf497-b164-4d37-9008-f96770d69614/elements[39m
[35m[HTTP][39m [90m{"using":"xpath","value":"//*[@class = 'android.widget.Button' and (@text = 'LOGIN' or . = 'LOGIN') and @resource-id = 'com.example.mikebanks.bankscorpfinancial:id/btn_login']"}[39m
[35m[HTTP][39m [37m<-- POST /wd/hub/session/68cbf497-b164-4d37-9008-f96770d69614/elements [39m[32m200[39m [90m285 ms - 139[39m
[35m[HTTP][39m [90m[39m
[35m[HTTP][39m [37m-->[39m [37mGET[39m [37m/wd/hub/session/68cbf497-b164-4d37-9008-f96770d69614/window/rect[39m
[35m[HTTP][39m [90m{}[39m
[35m[HTTP][39m [37m<-- GET /wd/hub/session/68cbf497-b164-4d37-9008-f96770d69614/window/rect [39m[32m200[39m [90m22 ms - 50[39m
[35m[HTTP][39m [90m[39m
[35m[HTTP][39m [37m-->[39m [37mPOST[39m [37m/wd/hub/session/68cbf497-b164-4d37-9008-f96770d69614/elements[39m
[35m[HTTP][39m [90m{"using":"xpath","value":"//*[@class = 'android.widget.Button' and (@text = 'LOGIN' or . = 'LOGIN') and @resource-id = 'com.example.mikebanks.bankscorpfinancial:id/btn_login']"}[39m
[35m[HTTP][39m [37m<-- POST /wd/hub/session/68cbf497-b164-4d37-9008-f96770d69614/elements [39m[32m200[39m [90m251 ms - 139[39m
[35m[HTTP][39m [90m[39m
[35m[HTTP][39m [37m-->[39m [37mGET[39m [37m/wd/hub/session/68cbf497-b164-4d37-9008-f96770d69614/element/00000000-0000-0195-ffff-ffff00000010/location[39m
[35m[HTTP][39m [90m{}[39m
[35m[W3C (68cbf497)][39m Driver proxy active, passing request on via HTTP proxy
[35m[WD Proxy][39m Replacing sessionId 830170b0-f7f9-4f56-b90c-cff16fdecc43 with 68cbf497-b164-4d37-9008-f96770d69614
[35m[HTTP][39m [37m<-- GET /wd/hub/session/68cbf497-b164-4d37-9008-f96770d69614/element/00000000-0000-0195-ffff-ffff00000010/location [39m[32m200[39m [90m33 ms - 78[39m
[35m[HTTP][39m [90m[39m
[35m[HTTP][39m [37m-->[39m [37mPOST[39m [37m/wd/hub/session/68cbf497-b164-4d37-9008-f96770d69614/element/00000000-0000-0195-ffff-ffff00000010/click[39m
[35m[HTTP][39m [90m{"id":"00000000-0000-0195-ffff-ffff00000010"}[39m
[35m[HTTP][39m [37m<-- POST /wd/hub/session/68cbf497-b164-4d37-9008-f96770d69614/element/00000000-0000-0195-ffff-ffff00000010/click [39m[32m200[39m [90m90 ms - 14[39m
[35m[HTTP][39m [90m[39m
[35m[HTTP][39m [37m-->[39m [37mGET[39m [37m/wd/hub/session/68cbf497-b164-4d37-9008-f96770d69614/source[39m
[35m[HTTP][39m [90m{}[39m
[35m[W3C (68cbf497)][39m Driver proxy active, passing request on via HTTP proxy
[35m[WD Proxy][39m Replacing sessionId 830170b0-f7f9-4f56-b90c-cff16fdecc43 with 68cbf497-b164-4d37-9008-f96770d69614
[35m[HTTP][39m [37m<-- GET /wd/hub/session/68cbf497-b164-4d37-9008-f96770d69614/source [39m[32m200[39m [90m87 ms - 10803[39m
[35m[HTTP][39m [90m[39m
[35m[HTTP][39m [37m-->[39m [37mGET[39m [37m/wd/hub/session/68cbf497-b164-4d37-9008-f96770d69614/screenshot[39m
[35m[HTTP][39m [90m{}[39m
[35m[HTTP][39m [37m<-- GET /wd/hub/session/68cbf497-b164-4d37-9008-f96770d69614/screenshot [39m[32m200[39m [90m858 ms - 113790[39m
[35m[HTTP][39m [90m[39m
[35m[HTTP][39m [37m-->[39m [37mDELETE[39m [37m/wd/hub/session/68cbf497-b164-4d37-9008-f96770d69614[39m
[35m[HTTP][39m [90m{}[39m
[35m[Appium][39m Removing session 68cbf497-b164-4d37-9008-f96770d69614 from our master session list
[35m[UiAutomator2][39m Restoring hidden api policy to the device default configuration
[35m[HTTP][39m [37m<-- DELETE /wd/hub/session/68cbf497-b164-4d37-9008-f96770d69614 [39m[32m200[39m [90m447 ms - 14[39m
[35m[HTTP][39m [90m[39m
